<?xml version="1.0" encoding="UTF-8"?>
<!-- Generated by org.testng.reporters.JUnitXMLReporter -->
<testsuite ignored="0" hostname="Priya" failures="0" tests="10" name="Test2" time="91.041" errors="0" timestamp="2024-07-11T11:39:04 IST">
  <testcase classname="TestNG1.Bajaj_Bike_TestNG" name="Bajaj" time="12.815"/>
  <testcase classname="TestNG2.Bata_Shoes_TestNg" name="Bata" time="12.711"/>
  <testcase classname="TestNG2.Puma_Shoes_TestNG" name="Puma" time="10.298"/>
  <testcase classname="TestNG1.TVS_Bike_TestNG" name="TVS" time="11.509"/>
  <testcase classname="TestNG2.Woodland_Shoes_TestNg" name="Woodland" time="7.375"/>
  <testcase classname="TestNG1.Yamaha_Bike_TestNG" name="Yamaha" time="4.973"/>
  <testcase classname="TestNG2.Adidas_Shoes_TestNG" name="Adidas" time="6.424"/>
  <testcase classname="TestNG2.Relaxo_Shoes_TestNG" name="Relaxo" time="11.498"/>
  <testcase classname="TestNG1.Suzuki_Bike_TestNG" name="Suzuki" time="3.733"/>
  <testcase classname="TestNG1.Honda_Bike_testNG" name="Honda" time="9.681"/>
</testsuite> <!-- Test2 -->
