<?xml version="1.0" encoding="UTF-8"?>
<!-- Generated by org.testng.reporters.JUnitXMLReporter -->
<testsuite ignored="0" hostname="Priya" failures="0" tests="10" name="Test1" time="100.797" errors="0" timestamp="2024-07-11T11:37:33 IST">
  <testcase classname="TestNG1.Bajaj_Bike_TestNG" name="Bajaj" time="15.523"/>
  <testcase classname="TestNG2.Bata_Shoes_TestNg" name="Bata" time="13.063"/>
  <testcase classname="TestNG2.Puma_Shoes_TestNG" name="Puma" time="8.759"/>
  <testcase classname="TestNG1.TVS_Bike_TestNG" name="TVS" time="4.239"/>
  <testcase classname="TestNG2.Woodland_Shoes_TestNg" name="Woodland" time="9.952"/>
  <testcase classname="TestNG1.Yamaha_Bike_TestNG" name="Yamaha" time="10.759"/>
  <testcase classname="TestNG2.Adidas_Shoes_TestNG" name="Adidas" time="8.804"/>
  <testcase classname="TestNG2.Relaxo_Shoes_TestNG" name="Relaxo" time="6.436"/>
  <testcase classname="TestNG1.Suzuki_Bike_TestNG" name="Suzuki" time="7.962"/>
  <testcase classname="TestNG1.Honda_Bike_testNG" name="Honda" time="15.237"/>
</testsuite> <!-- Test1 -->
